<?xml version="1.0" encoding="UTF-8"?>
<!-- Generated by org.testng.reporters.JUnitXMLReporter -->
<testsuite ignored="0" hostname="MSI-L2309" failures="2" tests="2" name="Verify Assessment page Opening" time="2.002" errors="0" timestamp="2021-04-24T18:50:42 IST">
  <testcase classname="JNJM7.LoginToERM" name="@AfterTest TearDown" time="0.001">
    <failure type="java.lang.NullPointerException">
      <![CDATA[java.lang.NullPointerException
at JNJM7.LoginToERM.TearDown(LoginToERM.java:75)
... Removed 24 stack frames]]>
    </failure>
  </testcase> <!-- @AfterTest TearDown -->
  <testcase classname="JNJM7.LoginToERM" name="loginDetails" time="1.952">
    <failure type="org.openqa.selenium.SessionNotCreatedException" message="session not created: This version of ChromeDriver only supports Chrome version 88
Current browser version is 90.0.4430.72 with binary path C:\Program Files (x86)\Google\Chrome\Application\chrome.exe
Build info: version: &amp;apos;3.141.59&amp;apos;, revision: &amp;apos;e82be7d358&amp;apos;, time: &amp;apos;2018-11-14T08:17:03&amp;apos;
System info: host: &amp;apos;MSI-L2309&amp;apos;, ip: &amp;apos;172.27.152.29&amp;apos;, os.name: &amp;apos;Windows 10&amp;apos;, os.arch: &amp;apos;amd64&amp;apos;, os.version: &amp;apos;10.0&amp;apos;, java.version: &amp;apos;11.0.8&amp;apos;
Driver info: driver.version: ChromeDriver
remote stacktrace: Backtrace:
	GetHandleVerifier [0x0103B963+483]
	GetHandleVerifier [0x0103B941+449]
	GetHandleVerifier [0x013E3308+3832712]
	GetHandleVerifier [0x013FD69A+3940122]
	GetHandleVerifier [0x013F9AFB+3924859]
	GetHandleVerifier [0x013F7D9C+3917340]
	GetHandleVerifier [0x0141E7FE+4075646]
	GetHandleVerifier [0x0141E56C+4074988]
	GetHandleVerifier [0x0141B2EB+4062059]
	GetHandleVerifier [0x013FED14+3945876]
	GetHandleVerifier [0x013FFBCE+3949646]
	GetHandleVerifier [0x013FFB59+3949529]
	Ordinal0 [0x00FFB5CC+46540]
	Ordinal0 [0x00FF9F53+40787]
	Ordinal0 [0x00FF9B12+39698]
	GetHandleVerifier [0x01301468+2907368]
	GetHandleVerifier [0x011471EE+1096302]
	GetHandleVerifier [0x01103E8D+821005]
	GetHandleVerifier [0x0110396B+819691]
	GetHandleVerifier [0x01103881+819457]
	GetHandleVerifier [0x0112F463+998627]
	BaseThreadInitThunk [0x76B16359+25]
	RtlGetAppContainerNamedObjectPath [0x770E8944+228]
	RtlGetAppContainerNamedObjectPath [0x770E8914+180]
">
      <![CDATA[org.openqa.selenium.SessionNotCreatedException: session not created: This version of ChromeDriver only supports Chrome version 88
Current browser version is 90.0.4430.72 with binary path C:\Program Files (x86)\Google\Chrome\Application\chrome.exe
Build info: version: '3.141.59', revision: 'e82be7d358', time: '2018-11-14T08:17:03'
System info: host: 'MSI-L2309', ip: '172.27.152.29', os.name: 'Windows 10', os.arch: 'amd64', os.version: '10.0', java.version: '11.0.8'
Driver info: driver.version: ChromeDriver
remote stacktrace: Backtrace:
GetHandleVerifier [0x0103B963+483]
GetHandleVerifier [0x0103B941+449]
GetHandleVerifier [0x013E3308+3832712]
GetHandleVerifier [0x013FD69A+3940122]
GetHandleVerifier [0x013F9AFB+3924859]
GetHandleVerifier [0x013F7D9C+3917340]
GetHandleVerifier [0x0141E7FE+4075646]
GetHandleVerifier [0x0141E56C+4074988]
GetHandleVerifier [0x0141B2EB+4062059]
GetHandleVerifier [0x013FED14+3945876]
GetHandleVerifier [0x013FFBCE+3949646]
GetHandleVerifier [0x013FFB59+3949529]
Ordinal0 [0x00FFB5CC+46540]
Ordinal0 [0x00FF9F53+40787]
Ordinal0 [0x00FF9B12+39698]
GetHandleVerifier [0x01301468+2907368]
GetHandleVerifier [0x011471EE+1096302]
GetHandleVerifier [0x01103E8D+821005]
GetHandleVerifier [0x0110396B+819691]
GetHandleVerifier [0x01103881+819457]
GetHandleVerifier [0x0112F463+998627]
BaseThreadInitThunk [0x76B16359+25]
RtlGetAppContainerNamedObjectPath [0x770E8944+228]
RtlGetAppContainerNamedObjectPath [0x770E8914+180]

at org.openqa.selenium.remote.W3CHandshakeResponse.lambda$errorHandler$0(W3CHandshakeResponse.java:62)
at org.openqa.selenium.remote.HandshakeResponse.lambda$getResponseFunction$0(HandshakeResponse.java:30)
at org.openqa.selenium.remote.ProtocolHandshake.lambda$createSession$0(ProtocolHandshake.java:126)
at java.base/java.util.stream.ReferencePipeline$3$1.accept(ReferencePipeline.java:195)
at java.base/java.util.Spliterators$ArraySpliterator.tryAdvance(Spliterators.java:958)
at java.base/java.util.stream.ReferencePipeline.forEachWithCancel(ReferencePipeline.java:127)
at java.base/java.util.stream.AbstractPipeline.copyIntoWithCancel(AbstractPipeline.java:502)
at java.base/java.util.stream.AbstractPipeline.copyInto(AbstractPipeline.java:488)
at java.base/java.util.stream.AbstractPipeline.wrapAndCopyInto(AbstractPipeline.java:474)
at java.base/java.util.stream.FindOps$FindOp.evaluateSequential(FindOps.java:150)
at java.base/java.util.stream.AbstractPipeline.evaluate(AbstractPipeline.java:234)
at java.base/java.util.stream.ReferencePipeline.findFirst(ReferencePipeline.java:543)
at org.openqa.selenium.remote.ProtocolHandshake.createSession(ProtocolHandshake.java:128)
at org.openqa.selenium.remote.ProtocolHandshake.createSession(ProtocolHandshake.java:74)
at org.openqa.selenium.remote.HttpCommandExecutor.execute(HttpCommandExecutor.java:136)
at org.openqa.selenium.remote.service.DriverCommandExecutor.execute(DriverCommandExecutor.java:83)
at org.openqa.selenium.remote.RemoteWebDriver.execute(RemoteWebDriver.java:552)
at org.openqa.selenium.remote.RemoteWebDriver.startSession(RemoteWebDriver.java:213)
at org.openqa.selenium.remote.RemoteWebDriver.<init>(RemoteWebDriver.java:131)
at org.openqa.selenium.chrome.ChromeDriver.<init>(ChromeDriver.java:181)
at org.openqa.selenium.chrome.ChromeDriver.<init>(ChromeDriver.java:168)
at org.openqa.selenium.chrome.ChromeDriver.<init>(ChromeDriver.java:123)
at JNJM7.base.initializeDriver(base.java:31)
at JNJM7.LoginToERM.loginDetails(LoginToERM.java:34)
at java.base/java.util.ArrayList.forEach(ArrayList.java:1541)
... Removed 31 stack frames]]>
    </failure>
  </testcase> <!-- loginDetails -->
  <testcase classname="JNJM7.LoginToERM" name="loginDetails" time="1.982">
    <failure type="java.lang.NullPointerException">
      <![CDATA[java.lang.NullPointerException
at JNJM7.base.getScreenshot(base.java:54)
at JNJM7.Listeners.onTestFailure(Listeners.java:42)
at java.base/java.util.ArrayList.forEach(ArrayList.java:1541)
... Removed 24 stack frames]]>
    </failure>
  </testcase> <!-- loginDetails -->
</testsuite> <!-- Verify Assessment page Opening -->
